<?xml version="1.0" encoding="UTF-8"?>
<coverage generated="1532830194">
  <project timestamp="1532830194">
    <package name="HPHIO\Farret">
      <file name="/home/michael/php/farret/src/AbstractTag.php">
        <class name="HPHIO\Farret\AbstractTag" namespace="HPHIO\Farret">
          <metrics complexity="8" methods="3" coveredmethods="3" conditionals="0" coveredconditionals="0" statements="7" coveredstatements="7" elements="10" coveredelements="10"/>
        </class>
        <line num="24" type="method" name="__construct" visibility="public" complexity="1" crap="1" count="56"/>
        <line num="26" type="stmt" count="56"/>
        <line num="27" type="stmt" count="56"/>
        <line num="28" type="stmt" count="56"/>
        <line num="29" type="stmt" count="56"/>
        <line num="31" type="method" name="getArgs" visibility="public" complexity="1" crap="1" count="15"/>
        <line num="32" type="stmt" count="15"/>
        <line num="35" type="method" name="setReplacement" visibility="public" complexity="1" crap="1" count="4"/>
        <line num="36" type="stmt" count="4"/>
        <line num="37" type="stmt" count="4"/>
        <metrics loc="43" ncloc="36" classes="1" methods="3" coveredmethods="3" conditionals="0" coveredconditionals="0" statements="7" coveredstatements="7" elements="10" coveredelements="10"/>
      </file>
      <file name="/home/michael/php/farret/src/AbstractTagFactory.php">
        <class name="HPHIO\Farret\AbstractTagFactory" namespace="HPHIO\Farret">
          <metrics complexity="1" methods="0" coveredmethods="0" conditionals="0" coveredconditionals="0" statements="0" coveredstatements="0" elements="0" coveredelements="0"/>
        </class>
        <metrics loc="15" ncloc="8" classes="0" methods="0" coveredmethods="0" conditionals="0" coveredconditionals="0" statements="0" coveredstatements="0" elements="0" coveredelements="0"/>
      </file>
      <file name="/home/michael/php/farret/src/Notif.php">
        <class name="HPHIO\Farret\Notif" namespace="HPHIO\Farret">
          <metrics complexity="42" methods="28" coveredmethods="28" conditionals="0" coveredconditionals="0" statements="93" coveredstatements="93" elements="121" coveredelements="121"/>
        </class>
        <line num="33" type="method" name="__construct" visibility="public" complexity="1" crap="1" count="31"/>
        <line num="35" type="stmt" count="31"/>
        <line num="36" type="stmt" count="31"/>
        <line num="38" type="stmt" count="31"/>
        <line num="40" type="method" name="setBody" visibility="public" complexity="1" crap="1" count="3"/>
        <line num="41" type="stmt" count="3"/>
        <line num="42" type="stmt" count="3"/>
        <line num="44" type="method" name="getBody" visibility="public" complexity="1" crap="1" count="2"/>
        <line num="45" type="stmt" count="2"/>
        <line num="48" type="method" name="setTemplate" visibility="public" complexity="1" crap="1" count="1"/>
        <line num="49" type="stmt" count="1"/>
        <line num="50" type="stmt" count="1"/>
        <line num="52" type="method" name="getTemplate" visibility="public" complexity="1" crap="1" count="3"/>
        <line num="53" type="stmt" count="3"/>
        <line num="56" type="method" name="setTemplateDirectory" visibility="public" complexity="2" crap="2" count="8"/>
        <line num="58" type="stmt" count="8"/>
        <line num="59" type="stmt" count="1"/>
        <line num="62" type="stmt" count="7"/>
        <line num="63" type="stmt" count="7"/>
        <line num="72" type="method" name="loadTemplate" visibility="public" complexity="3" crap="3" count="8"/>
        <line num="74" type="stmt" count="8"/>
        <line num="76" type="stmt" count="8"/>
        <line num="77" type="stmt" count="1"/>
        <line num="79" type="stmt" count="7"/>
        <line num="80" type="stmt" count="2"/>
        <line num="83" type="stmt" count="5"/>
        <line num="85" type="stmt" count="5"/>
        <line num="88" type="method" name="setFromName" visibility="public" complexity="1" crap="1" count="1"/>
        <line num="90" type="stmt" count="1"/>
        <line num="91" type="stmt" count="1"/>
        <line num="100" type="method" name="setFromAddress" visibility="public" complexity="2" crap="2" count="2"/>
        <line num="102" type="stmt" count="2"/>
        <line num="104" type="stmt" count="2"/>
        <line num="105" type="stmt" count="1"/>
        <line num="108" type="stmt" count="1"/>
        <line num="110" type="stmt" count="1"/>
        <line num="113" type="method" name="setSubjectTemplate" visibility="public" complexity="1" crap="1" count="1"/>
        <line num="115" type="stmt" count="1"/>
        <line num="116" type="stmt" count="1"/>
        <line num="124" type="method" name="addFart" visibility="public" complexity="1" crap="1" count="6"/>
        <line num="126" type="stmt" count="6"/>
        <line num="127" type="stmt" count="6"/>
        <line num="135" type="method" name="getTemplateTags" visibility="public" complexity="2" crap="2" count="1"/>
        <line num="137" type="stmt" count="1"/>
        <line num="138" type="stmt" count="1"/>
        <line num="140" type="stmt" count="1"/>
        <line num="143" type="method" name="getBodyTags" visibility="public" complexity="1" crap="1" count="1"/>
        <line num="145" type="stmt" count="1"/>
        <line num="148" type="method" name="getTags" visibility="public" complexity="2" crap="2" count="2"/>
        <line num="150" type="stmt" count="2"/>
        <line num="151" type="stmt" count="2"/>
        <line num="153" type="stmt" count="2"/>
        <line num="154" type="stmt" count="2"/>
        <line num="156" type="stmt" count="2"/>
        <line num="157" type="stmt" count="2"/>
        <line num="158" type="stmt" count="2"/>
        <line num="161" type="stmt" count="2"/>
        <line num="164" type="method" name="getHooks" visibility="public" complexity="1" crap="1" count="2"/>
        <line num="166" type="stmt" count="2"/>
        <line num="167" type="stmt" count="2"/>
        <line num="168" type="stmt" count="2"/>
        <line num="171" type="method" name="makeTag" visibility="public" complexity="1" crap="1" count="11"/>
        <line num="173" type="stmt" count="11"/>
        <line num="176" type="method" name="matchFind" visibility="public" complexity="1" crap="1" count="11"/>
        <line num="179" type="stmt" count="11"/>
        <line num="181" type="stmt" count="11"/>
        <line num="182" type="stmt" count="11"/>
        <line num="190" type="method" name="doFart" visibility="private" complexity="4" crap="4" count="1"/>
        <line num="193" type="stmt" count="1"/>
        <line num="195" type="stmt" count="1"/>
        <line num="197" type="stmt" count="1"/>
        <line num="203" type="stmt" count="1"/>
        <line num="206" type="stmt" count="1"/>
        <line num="208" type="stmt" count="1"/>
        <line num="209" type="stmt" count="1"/>
        <line num="212" type="stmt" count="1"/>
        <line num="219" type="method" name="render" visibility="public" complexity="1" crap="1" count="1"/>
        <line num="221" type="stmt" count="1"/>
        <line num="222" type="stmt" count="1"/>
        <line num="223" type="stmt" count="1"/>
        <line num="232" type="method" name="renderAllHooks" visibility="public" complexity="2" crap="2" count="1"/>
        <line num="233" type="stmt" count="1"/>
        <line num="234" type="stmt" count="1"/>
        <line num="235" type="stmt" count="1"/>
        <line num="237" type="stmt" count="1"/>
        <line num="238" type="stmt" count="1"/>
        <line num="239" type="stmt" count="1"/>
        <line num="240" type="stmt" count="1"/>
        <line num="249" type="stmt" count="1"/>
        <line num="252" type="method" name="addHook" visibility="public" complexity="1" crap="1" count="31"/>
        <line num="254" type="stmt" count="31"/>
        <line num="255" type="stmt" count="31"/>
        <line num="263" type="method" name="renderHook" visibility="public" complexity="4" crap="4" count="7"/>
        <line num="266" type="stmt" count="7"/>
        <line num="267" type="stmt" count="7"/>
        <line num="268" type="stmt" count="7"/>
        <line num="269" type="stmt" count="7"/>
        <line num="273" type="stmt" count="7"/>
        <line num="274" type="stmt" count="1"/>
        <line num="277" type="stmt" count="7"/>
        <line num="279" type="stmt" count="7"/>
        <line num="280" type="stmt" count="1"/>
        <line num="283" type="stmt" count="6"/>
        <line num="286" type="method" name="getDate" visibility="public" complexity="1" crap="1" count="2"/>
        <line num="288" type="stmt" count="2"/>
        <line num="289" type="stmt" count="2"/>
        <line num="292" type="method" name="getCurrentMonth" visibility="public" complexity="1" crap="1" count="2"/>
        <line num="294" type="stmt" count="2"/>
        <line num="297" type="method" name="getCurrentDay" visibility="public" complexity="1" crap="1" count="2"/>
        <line num="299" type="stmt" count="2"/>
        <line num="302" type="method" name="getCurrentYear" visibility="public" complexity="1" crap="1" count="2"/>
        <line num="304" type="stmt" count="2"/>
        <line num="307" type="method" name="getArgs" visibility="public" complexity="1" crap="1" count="3"/>
        <line num="308" type="stmt" count="3"/>
        <line num="309" type="stmt" count="3"/>
        <line num="310" type="stmt" count="3"/>
        <line num="313" type="method" name="hash" visibility="public" complexity="2" crap="2" count="4"/>
        <line num="314" type="stmt" count="4"/>
        <line num="315" type="stmt" count="4"/>
        <line num="316" type="stmt" count="4"/>
        <line num="319" type="stmt" count="4"/>
        <metrics loc="322" ncloc="256" classes="1" methods="28" coveredmethods="28" conditionals="0" coveredconditionals="0" statements="93" coveredstatements="93" elements="121" coveredelements="121"/>
      </file>
      <file name="/home/michael/php/farret/src/TagFactory.php">
        <class name="HPHIO\Farret\TagFactory" namespace="HPHIO\Farret">
          <metrics complexity="4" methods="1" coveredmethods="1" conditionals="0" coveredconditionals="0" statements="11" coveredstatements="11" elements="12" coveredelements="12"/>
        </class>
        <line num="15" type="method" name="getTag" visibility="public" complexity="4" crap="4" count="64"/>
        <line num="17" type="stmt" count="64"/>
        <line num="18" type="stmt" count="64"/>
        <line num="19" type="stmt" count="64"/>
        <line num="21" type="stmt" count="64"/>
        <line num="23" type="stmt" count="64"/>
        <line num="24" type="stmt" count="23"/>
        <line num="27" type="stmt" count="45"/>
        <line num="28" type="stmt" count="13"/>
        <line num="31" type="stmt" count="34"/>
        <line num="32" type="stmt" count="26"/>
        <line num="35" type="stmt" count="13"/>
        <metrics loc="36" ncloc="29" classes="1" methods="1" coveredmethods="1" conditionals="0" coveredconditionals="0" statements="11" coveredstatements="11" elements="12" coveredelements="12"/>
      </file>
      <file name="/home/michael/php/farret/src/TemplateHook.php">
        <class name="HPHIO\Farret\TemplateHook" namespace="HPHIO\Farret">
          <metrics complexity="8" methods="5" coveredmethods="4" conditionals="0" coveredconditionals="0" statements="13" coveredstatements="12" elements="18" coveredelements="16"/>
        </class>
        <line num="15" type="method" name="getLabel" visibility="public" complexity="2" crap="2" count="6"/>
        <line num="17" type="stmt" count="6"/>
        <line num="18" type="stmt" count="6"/>
        <line num="20" type="stmt" count="6"/>
        <line num="23" type="method" name="setup" visibility="public" complexity="1" crap="1" count="13"/>
        <line num="24" type="stmt" count="13"/>
        <line num="25" type="stmt" count="13"/>
        <line num="27" type="method" name="fart" visibility="public" complexity="3" crap="3.04" count="2"/>
        <line num="28" type="stmt" count="2"/>
        <line num="29" type="stmt" count="2"/>
        <line num="30" type="stmt" count="1"/>
        <line num="31" type="stmt" count="0"/>
        <line num="32" type="stmt" count="1"/>
        <line num="36" type="stmt" count="2"/>
        <line num="39" type="method" name="getTag" visibility="public" complexity="1" crap="1" count="1"/>
        <line num="40" type="stmt" count="1"/>
        <line num="43" type="method" name="getReplacement" visibility="public" complexity="1" crap="1" count="2"/>
        <line num="45" type="stmt" count="2"/>
        <metrics loc="47" ncloc="40" classes="1" methods="5" coveredmethods="4" conditionals="0" coveredconditionals="0" statements="13" coveredstatements="12" elements="18" coveredelements="16"/>
      </file>
      <file name="/home/michael/php/farret/src/TemplateHookWithArgs.php">
        <class name="HPHIO\Farret\TemplateHookWithArgs" namespace="HPHIO\Farret">
          <metrics complexity="11" methods="7" coveredmethods="7" conditionals="0" coveredconditionals="0" statements="26" coveredstatements="26" elements="33" coveredelements="33"/>
        </class>
        <line num="18" type="method" name="setup" visibility="public" complexity="1" crap="1" count="26"/>
        <line num="20" type="stmt" count="26"/>
        <line num="21" type="stmt" count="26"/>
        <line num="22" type="stmt" count="26"/>
        <line num="24" type="method" name="trimArg" visibility="private" complexity="1" crap="1" count="26"/>
        <line num="26" type="stmt" count="26"/>
        <line num="27" type="stmt" count="26"/>
        <line num="28" type="stmt" count="26"/>
        <line num="31" type="method" name="parseArgs" visibility="public" complexity="1" crap="1" count="26"/>
        <line num="32" type="stmt" count="26"/>
        <line num="33" type="stmt" count="26"/>
        <line num="35" type="stmt" count="26"/>
        <line num="38" type="stmt" count="26"/>
        <line num="40" type="stmt" count="26"/>
        <line num="42" type="method" name="getLabel" visibility="public" complexity="2" crap="2" count="7"/>
        <line num="44" type="stmt" count="7"/>
        <line num="45" type="stmt" count="7"/>
        <line num="47" type="stmt" count="7"/>
        <line num="50" type="method" name="fart" visibility="public" complexity="4" crap="4" count="7"/>
        <line num="51" type="stmt" count="7"/>
        <line num="53" type="stmt" count="7"/>
        <line num="54" type="stmt" count="7"/>
        <line num="57" type="stmt" count="7"/>
        <line num="58" type="stmt" count="5"/>
        <line num="59" type="stmt" count="3"/>
        <line num="61" type="stmt" count="5"/>
        <line num="65" type="stmt" count="4"/>
        <line num="66" type="stmt" count="4"/>
        <line num="68" type="stmt" count="7"/>
        <line num="70" type="method" name="getTag" visibility="public" complexity="1" crap="1" count="3"/>
        <line num="77" type="stmt" count="3"/>
        <line num="80" type="method" name="getReplacement" visibility="public" complexity="1" crap="1" count="2"/>
        <line num="82" type="stmt" count="2"/>
        <metrics loc="83" ncloc="60" classes="1" methods="7" coveredmethods="7" conditionals="0" coveredconditionals="0" statements="26" coveredstatements="26" elements="33" coveredelements="33"/>
      </file>
      <file name="/home/michael/php/farret/src/TemplateTag.php">
        <class name="HPHIO\Farret\TemplateTag" namespace="HPHIO\Farret">
          <metrics complexity="7" methods="5" coveredmethods="5" conditionals="0" coveredconditionals="0" statements="13" coveredstatements="13" elements="18" coveredelements="18"/>
        </class>
        <line num="16" type="method" name="getLabel" visibility="public" complexity="1" crap="1" count="13"/>
        <line num="18" type="stmt" count="13"/>
        <line num="19" type="stmt" count="13"/>
        <line num="20" type="stmt" count="13"/>
        <line num="23" type="method" name="setup" visibility="public" complexity="1" crap="1" count="23"/>
        <line num="24" type="stmt" count="23"/>
        <line num="25" type="stmt" count="23"/>
        <line num="32" type="method" name="fart" visibility="public" complexity="3" crap="3" count="9"/>
        <line num="33" type="stmt" count="9"/>
        <line num="34" type="stmt" count="9"/>
        <line num="35" type="stmt" count="9"/>
        <line num="36" type="stmt" count="8"/>
        <line num="37" type="stmt" count="9"/>
        <line num="41" type="stmt" count="1"/>
        <line num="44" type="method" name="getTag" visibility="public" complexity="1" crap="1" count="3"/>
        <line num="45" type="stmt" count="3"/>
        <line num="48" type="method" name="getReplacement" visibility="public" complexity="1" crap="1" count="9"/>
        <line num="50" type="stmt" count="9"/>
        <metrics loc="52" ncloc="37" classes="1" methods="5" coveredmethods="5" conditionals="0" coveredconditionals="0" statements="13" coveredstatements="13" elements="18" coveredelements="18"/>
      </file>
    </package>
    <metrics files="7" loc="598" ncloc="466" classes="6" methods="49" coveredmethods="48" conditionals="0" coveredconditionals="0" statements="163" coveredstatements="162" elements="212" coveredelements="210"/>
  </project>
</coverage>
